<?xml version="1.0" encoding="UTF-8"?>
<!-- Generated by org.testng.reporters.JUnitReportReporter -->
<testsuite hostname="ShriRam-Samarth" failures="0" tests="1" name="com.qa.testLayer.AddToCart_WislListTest" time="42.755" errors="0" timestamp="2023-02-27T10:21:40 IST" skipped="0">
  <testcase classname="com.qa.testLayer.AddToCart_WislListTest" name="verifyAddToCart_Wishlist" time="42.755"/>
  <system-out/>
</testsuite> <!-- com.qa.testLayer.AddToCart_WislListTest -->
