<?xml version="1.0" encoding="UTF-8"?>
<!-- Generated by org.testng.reporters.JUnitReportReporter -->
<testsuite hostname="ShriRam-Samarth" failures="0" tests="1" name="com.qa.testLayer.MyDashboardTest" time="70.905" errors="0" timestamp="2022-11-15T16:09:14 IST" skipped="0">
  <testcase classname="com.qa.testLayer.MyDashboardTest" name="verifyDashboard" time="70.905"/>
  <system-out/>
</testsuite> <!-- com.qa.testLayer.MyDashboardTest -->
