<?xml version="1.0" encoding="UTF-8"?>
<!-- Generated by org.testng.reporters.JUnitReportReporter -->
<testsuite hostname="ShriRam-Samarth" failures="0" tests="1" name="com.qa.testBase.TestBase" time="63.611" errors="0" timestamp="2022-11-05T10:48:36 IST" skipped="0">
  <testcase classname="com.qa.testBase.TestBase" name="setUp" time="63.611"/>
  <system-out/>
</testsuite> <!-- com.qa.testBase.TestBase -->
