<?xml version="1.0" encoding="UTF-8"?>
<!-- Generated by org.testng.reporters.JUnitReportReporter -->
<testsuite hostname="ShriRam-Samarth" failures="0" tests="1" name="com.qa.testLayer.SearchPageTest" time="20.045" errors="0" timestamp="2023-02-27T10:21:40 IST" skipped="0">
  <testcase classname="com.qa.testLayer.SearchPageTest" name="searchProduct" time="20.045"/>
  <system-out/>
</testsuite> <!-- com.qa.testLayer.SearchPageTest -->
